2024-02-28 12:16:52,699 [Worker-2: Loading available Gradle versions] INFO  o.e.b.c.i.u.g.PublishedGradleVersions - Gradle version information cache is up-to-date. Trying to read.
2024-02-28 12:18:51,658 [Worker-4: Loading available Gradle versions] INFO  o.e.b.c.i.u.g.PublishedGradleVersions - Gradle version information cache is up-to-date. Trying to read.
2024-02-29 11:54:56,285 [Worker-2: Loading available Gradle versions] INFO  o.e.b.c.i.u.g.PublishedGradleVersions - Gradle version information cache is out-of-date. Trying to update.
2024-02-29 13:57:10,846 [Worker-3: Loading available Gradle versions] INFO  o.e.b.c.i.u.g.PublishedGradleVersions - Gradle version information cache is up-to-date. Trying to read.
2024-02-29 15:03:23,298 [Worker-2: Loading available Gradle versions] INFO  o.e.b.c.i.u.g.PublishedGradleVersions - Gradle version information cache is up-to-date. Trying to read.
2024-03-01 11:47:05,839 [Worker-0: Loading available Gradle versions] INFO  o.e.b.c.i.u.g.PublishedGradleVersions - Gradle version information cache is up-to-date. Trying to read.
2024-03-01 11:47:40,852 [Worker-4: Loading available Gradle versions] INFO  o.e.b.c.i.u.g.PublishedGradleVersions - Gradle version information cache is up-to-date. Trying to read.
2024-03-04 12:09:35,117 [Worker-4: Loading available Gradle versions] INFO  o.e.b.c.i.u.g.PublishedGradleVersions - Gradle version information cache is out-of-date. Trying to update.
2024-03-05 11:58:00,270 [Worker-4: Loading available Gradle versions] INFO  o.e.b.c.i.u.g.PublishedGradleVersions - Gradle version information cache is up-to-date. Trying to read.
2024-03-08 12:18:58,745 [Worker-4: Loading available Gradle versions] INFO  o.e.b.c.i.u.g.PublishedGradleVersions - Gradle version information cache is out-of-date. Trying to update.
2024-03-09 09:18:19,998 [Worker-2: Loading available Gradle versions] INFO  o.e.b.c.i.u.g.PublishedGradleVersions - Gradle version information cache is up-to-date. Trying to read.
2024-03-09 11:04:23,788 [Worker-0: Loading available Gradle versions] INFO  o.e.b.c.i.u.g.PublishedGradleVersions - Gradle version information cache is up-to-date. Trying to read.
2024-03-09 11:05:07,102 [Worker-9: Launching mavenrun-c0c81a13-dfcc-407a-a229-054f5e3833b1] INFO  o.eclipse.m2e.core.internal.Bundles - getClasspathEntries(Bundle=org.eclipse.m2e.maven.runtime_3.9.500.20231113-2345 [295])
2024-03-09 11:05:07,108 [Worker-9: Launching mavenrun-c0c81a13-dfcc-407a-a229-054f5e3833b1] INFO  o.eclipse.m2e.core.internal.Bundles - 	Entry: C:\Users\Hp\.p2\pool\plugins\org.eclipse.m2e.maven.runtime_3.9.500.20231113-2345
2024-03-09 11:05:07,108 [Worker-9: Launching mavenrun-c0c81a13-dfcc-407a-a229-054f5e3833b1] INFO  o.eclipse.m2e.core.internal.Bundles - 	Entry: C:\Users\Hp\.p2\pool\plugins\org.eclipse.m2e.maven.runtime_3.9.500.20231113-2345\jars\aopalliance-1.0.jar
2024-03-09 11:05:07,109 [Worker-9: Launching mavenrun-c0c81a13-dfcc-407a-a229-054f5e3833b1] INFO  o.eclipse.m2e.core.internal.Bundles - 	Entry: C:\Users\Hp\.p2\pool\plugins\org.eclipse.m2e.maven.runtime_3.9.500.20231113-2345\jars\guice-5.1.0.jar
2024-03-09 11:05:07,109 [Worker-9: Launching mavenrun-c0c81a13-dfcc-407a-a229-054f5e3833b1] INFO  o.eclipse.m2e.core.internal.Bundles - 	Entry: C:\Users\Hp\.p2\pool\plugins\org.eclipse.m2e.maven.runtime_3.9.500.20231113-2345\jars\httpclient-4.5.14.jar
2024-03-09 11:05:07,110 [Worker-9: Launching mavenrun-c0c81a13-dfcc-407a-a229-054f5e3833b1] INFO  o.eclipse.m2e.core.internal.Bundles - 	Entry: C:\Users\Hp\.p2\pool\plugins\org.eclipse.m2e.maven.runtime_3.9.500.20231113-2345\jars\httpcore-4.4.16.jar
2024-03-09 11:05:07,113 [Worker-9: Launching mavenrun-c0c81a13-dfcc-407a-a229-054f5e3833b1] INFO  o.eclipse.m2e.core.internal.Bundles - 	Entry: C:\Users\Hp\.p2\pool\plugins\org.eclipse.m2e.maven.runtime_3.9.500.20231113-2345\jars\jansi-2.4.0.jar
2024-03-09 11:05:07,114 [Worker-9: Launching mavenrun-c0c81a13-dfcc-407a-a229-054f5e3833b1] INFO  o.eclipse.m2e.core.internal.Bundles - 	Entry: C:\Users\Hp\.p2\pool\plugins\org.eclipse.m2e.maven.runtime_3.9.500.20231113-2345\jars\jcl-over-slf4j-1.7.36.jar
2024-03-09 11:05:07,115 [Worker-9: Launching mavenrun-c0c81a13-dfcc-407a-a229-054f5e3833b1] INFO  o.eclipse.m2e.core.internal.Bundles - 	Entry: C:\Users\Hp\.p2\pool\plugins\org.eclipse.m2e.maven.runtime_3.9.500.20231113-2345\jars\maven-artifact-3.9.5.jar
2024-03-09 11:05:07,115 [Worker-9: Launching mavenrun-c0c81a13-dfcc-407a-a229-054f5e3833b1] INFO  o.eclipse.m2e.core.internal.Bundles - 	Entry: C:\Users\Hp\.p2\pool\plugins\org.eclipse.m2e.maven.runtime_3.9.500.20231113-2345\jars\maven-builder-support-3.9.5.jar
2024-03-09 11:05:07,115 [Worker-9: Launching mavenrun-c0c81a13-dfcc-407a-a229-054f5e3833b1] INFO  o.eclipse.m2e.core.internal.Bundles - 	Entry: C:\Users\Hp\.p2\pool\plugins\org.eclipse.m2e.maven.runtime_3.9.500.20231113-2345\jars\maven-compat-3.9.5.jar
2024-03-09 11:05:07,116 [Worker-9: Launching mavenrun-c0c81a13-dfcc-407a-a229-054f5e3833b1] INFO  o.eclipse.m2e.core.internal.Bundles - 	Entry: C:\Users\Hp\.p2\pool\plugins\org.eclipse.m2e.maven.runtime_3.9.500.20231113-2345\jars\maven-core-3.9.5.jar
2024-03-09 11:05:07,117 [Worker-9: Launching mavenrun-c0c81a13-dfcc-407a-a229-054f5e3833b1] INFO  o.eclipse.m2e.core.internal.Bundles - 	Entry: C:\Users\Hp\.p2\pool\plugins\org.eclipse.m2e.maven.runtime_3.9.500.20231113-2345\jars\maven-embedder-3.9.5.jar
2024-03-09 11:05:07,119 [Worker-9: Launching mavenrun-c0c81a13-dfcc-407a-a229-054f5e3833b1] INFO  o.eclipse.m2e.core.internal.Bundles - 	Entry: C:\Users\Hp\.p2\pool\plugins\org.eclipse.m2e.maven.runtime_3.9.500.20231113-2345\jars\maven-model-3.9.5.jar
2024-03-09 11:05:07,119 [Worker-9: Launching mavenrun-c0c81a13-dfcc-407a-a229-054f5e3833b1] INFO  o.eclipse.m2e.core.internal.Bundles - 	Entry: C:\Users\Hp\.p2\pool\plugins\org.eclipse.m2e.maven.runtime_3.9.500.20231113-2345\jars\maven-model-builder-3.9.5.jar
2024-03-09 11:05:07,120 [Worker-9: Launching mavenrun-c0c81a13-dfcc-407a-a229-054f5e3833b1] INFO  o.eclipse.m2e.core.internal.Bundles - 	Entry: C:\Users\Hp\.p2\pool\plugins\org.eclipse.m2e.maven.runtime_3.9.500.20231113-2345\jars\maven-plugin-api-3.9.5.jar
2024-03-09 11:05:07,120 [Worker-9: Launching mavenrun-c0c81a13-dfcc-407a-a229-054f5e3833b1] INFO  o.eclipse.m2e.core.internal.Bundles - 	Entry: C:\Users\Hp\.p2\pool\plugins\org.eclipse.m2e.maven.runtime_3.9.500.20231113-2345\jars\maven-repository-metadata-3.9.5.jar
2024-03-09 11:05:07,120 [Worker-9: Launching mavenrun-c0c81a13-dfcc-407a-a229-054f5e3833b1] INFO  o.eclipse.m2e.core.internal.Bundles - 	Entry: C:\Users\Hp\.p2\pool\plugins\org.eclipse.m2e.maven.runtime_3.9.500.20231113-2345\jars\maven-resolver-api-1.9.16.jar
2024-03-09 11:05:07,121 [Worker-9: Launching mavenrun-c0c81a13-dfcc-407a-a229-054f5e3833b1] INFO  o.eclipse.m2e.core.internal.Bundles - 	Entry: C:\Users\Hp\.p2\pool\plugins\org.eclipse.m2e.maven.runtime_3.9.500.20231113-2345\jars\maven-resolver-connector-basic-1.9.16.jar
2024-03-09 11:05:07,121 [Worker-9: Launching mavenrun-c0c81a13-dfcc-407a-a229-054f5e3833b1] INFO  o.eclipse.m2e.core.internal.Bundles - 	Entry: C:\Users\Hp\.p2\pool\plugins\org.eclipse.m2e.maven.runtime_3.9.500.20231113-2345\jars\maven-resolver-impl-1.9.16.jar
2024-03-09 11:05:07,123 [Worker-9: Launching mavenrun-c0c81a13-dfcc-407a-a229-054f5e3833b1] INFO  o.eclipse.m2e.core.internal.Bundles - 	Entry: C:\Users\Hp\.p2\pool\plugins\org.eclipse.m2e.maven.runtime_3.9.500.20231113-2345\jars\maven-resolver-named-locks-1.9.16.jar
2024-03-09 11:05:07,125 [Worker-9: Launching mavenrun-c0c81a13-dfcc-407a-a229-054f5e3833b1] INFO  o.eclipse.m2e.core.internal.Bundles - 	Entry: C:\Users\Hp\.p2\pool\plugins\org.eclipse.m2e.maven.runtime_3.9.500.20231113-2345\jars\maven-resolver-provider-3.9.5.jar
2024-03-09 11:05:07,125 [Worker-9: Launching mavenrun-c0c81a13-dfcc-407a-a229-054f5e3833b1] INFO  o.eclipse.m2e.core.internal.Bundles - 	Entry: C:\Users\Hp\.p2\pool\plugins\org.eclipse.m2e.maven.runtime_3.9.500.20231113-2345\jars\maven-resolver-spi-1.9.16.jar
2024-03-09 11:05:07,126 [Worker-9: Launching mavenrun-c0c81a13-dfcc-407a-a229-054f5e3833b1] INFO  o.eclipse.m2e.core.internal.Bundles - 	Entry: C:\Users\Hp\.p2\pool\plugins\org.eclipse.m2e.maven.runtime_3.9.500.20231113-2345\jars\maven-resolver-transport-file-1.9.16.jar
2024-03-09 11:05:07,126 [Worker-9: Launching mavenrun-c0c81a13-dfcc-407a-a229-054f5e3833b1] INFO  o.eclipse.m2e.core.internal.Bundles - 	Entry: C:\Users\Hp\.p2\pool\plugins\org.eclipse.m2e.maven.runtime_3.9.500.20231113-2345\jars\maven-resolver-transport-http-1.9.16.jar
2024-03-09 11:05:07,127 [Worker-9: Launching mavenrun-c0c81a13-dfcc-407a-a229-054f5e3833b1] INFO  o.eclipse.m2e.core.internal.Bundles - 	Entry: C:\Users\Hp\.p2\pool\plugins\org.eclipse.m2e.maven.runtime_3.9.500.20231113-2345\jars\maven-resolver-transport-wagon-1.9.16.jar
2024-03-09 11:05:07,128 [Worker-9: Launching mavenrun-c0c81a13-dfcc-407a-a229-054f5e3833b1] INFO  o.eclipse.m2e.core.internal.Bundles - 	Entry: C:\Users\Hp\.p2\pool\plugins\org.eclipse.m2e.maven.runtime_3.9.500.20231113-2345\jars\maven-resolver-util-1.9.16.jar
2024-03-09 11:05:07,131 [Worker-9: Launching mavenrun-c0c81a13-dfcc-407a-a229-054f5e3833b1] INFO  o.eclipse.m2e.core.internal.Bundles - 	Entry: C:\Users\Hp\.p2\pool\plugins\org.eclipse.m2e.maven.runtime_3.9.500.20231113-2345\jars\maven-settings-3.9.5.jar
2024-03-09 11:05:07,134 [Worker-9: Launching mavenrun-c0c81a13-dfcc-407a-a229-054f5e3833b1] INFO  o.eclipse.m2e.core.internal.Bundles - 	Entry: C:\Users\Hp\.p2\pool\plugins\org.eclipse.m2e.maven.runtime_3.9.500.20231113-2345\jars\maven-settings-builder-3.9.5.jar
2024-03-09 11:05:07,135 [Worker-9: Launching mavenrun-c0c81a13-dfcc-407a-a229-054f5e3833b1] INFO  o.eclipse.m2e.core.internal.Bundles - 	Entry: C:\Users\Hp\.p2\pool\plugins\org.eclipse.m2e.maven.runtime_3.9.500.20231113-2345\jars\maven-shared-utils-3.3.4.jar
2024-03-09 11:05:07,135 [Worker-9: Launching mavenrun-c0c81a13-dfcc-407a-a229-054f5e3833b1] INFO  o.eclipse.m2e.core.internal.Bundles - 	Entry: C:\Users\Hp\.p2\pool\plugins\org.eclipse.m2e.maven.runtime_3.9.500.20231113-2345\jars\org.eclipse.sisu.inject-0.3.5.jar
2024-03-09 11:05:07,136 [Worker-9: Launching mavenrun-c0c81a13-dfcc-407a-a229-054f5e3833b1] INFO  o.eclipse.m2e.core.internal.Bundles - 	Entry: C:\Users\Hp\.p2\pool\plugins\org.eclipse.m2e.maven.runtime_3.9.500.20231113-2345\jars\org.eclipse.sisu.plexus-0.3.5.jar
2024-03-09 11:05:07,138 [Worker-9: Launching mavenrun-c0c81a13-dfcc-407a-a229-054f5e3833b1] INFO  o.eclipse.m2e.core.internal.Bundles - 	Entry: C:\Users\Hp\.p2\pool\plugins\org.eclipse.m2e.maven.runtime_3.9.500.20231113-2345\jars\plexus-build-api-0.0.7.jar
2024-03-09 11:05:07,139 [Worker-9: Launching mavenrun-c0c81a13-dfcc-407a-a229-054f5e3833b1] INFO  o.eclipse.m2e.core.internal.Bundles - 	Entry: C:\Users\Hp\.p2\pool\plugins\org.eclipse.m2e.maven.runtime_3.9.500.20231113-2345\jars\plexus-cipher-2.0.jar
2024-03-09 11:05:07,139 [Worker-9: Launching mavenrun-c0c81a13-dfcc-407a-a229-054f5e3833b1] INFO  o.eclipse.m2e.core.internal.Bundles - 	Entry: C:\Users\Hp\.p2\pool\plugins\org.eclipse.m2e.maven.runtime_3.9.500.20231113-2345\jars\plexus-classworlds-2.7.0.jar
2024-03-09 11:05:07,139 [Worker-9: Launching mavenrun-c0c81a13-dfcc-407a-a229-054f5e3833b1] INFO  o.eclipse.m2e.core.internal.Bundles - 	Entry: C:\Users\Hp\.p2\pool\plugins\org.eclipse.m2e.maven.runtime_3.9.500.20231113-2345\jars\plexus-component-annotations-2.1.0.jar
2024-03-09 11:05:07,141 [Worker-9: Launching mavenrun-c0c81a13-dfcc-407a-a229-054f5e3833b1] INFO  o.eclipse.m2e.core.internal.Bundles - 	Entry: C:\Users\Hp\.p2\pool\plugins\org.eclipse.m2e.maven.runtime_3.9.500.20231113-2345\jars\plexus-interpolation-1.26.jar
2024-03-09 11:05:07,142 [Worker-9: Launching mavenrun-c0c81a13-dfcc-407a-a229-054f5e3833b1] INFO  o.eclipse.m2e.core.internal.Bundles - 	Entry: C:\Users\Hp\.p2\pool\plugins\org.eclipse.m2e.maven.runtime_3.9.500.20231113-2345\jars\plexus-sec-dispatcher-2.0.jar
2024-03-09 11:05:07,142 [Worker-9: Launching mavenrun-c0c81a13-dfcc-407a-a229-054f5e3833b1] INFO  o.eclipse.m2e.core.internal.Bundles - 	Entry: C:\Users\Hp\.p2\pool\plugins\org.eclipse.m2e.maven.runtime_3.9.500.20231113-2345\jars\plexus-utils-3.5.1.jar
2024-03-09 11:05:07,144 [Worker-9: Launching mavenrun-c0c81a13-dfcc-407a-a229-054f5e3833b1] INFO  o.eclipse.m2e.core.internal.Bundles - 	Entry: C:\Users\Hp\.p2\pool\plugins\org.eclipse.m2e.maven.runtime_3.9.500.20231113-2345\jars\wagon-file-3.5.3.jar
2024-03-09 11:05:07,145 [Worker-9: Launching mavenrun-c0c81a13-dfcc-407a-a229-054f5e3833b1] INFO  o.eclipse.m2e.core.internal.Bundles - 	Entry: C:\Users\Hp\.p2\pool\plugins\org.eclipse.m2e.maven.runtime_3.9.500.20231113-2345\jars\wagon-http-3.5.3.jar
2024-03-09 11:05:07,145 [Worker-9: Launching mavenrun-c0c81a13-dfcc-407a-a229-054f5e3833b1] INFO  o.eclipse.m2e.core.internal.Bundles - 	Entry: C:\Users\Hp\.p2\pool\plugins\org.eclipse.m2e.maven.runtime_3.9.500.20231113-2345\jars\wagon-http-shared-3.5.3.jar
2024-03-09 11:05:07,146 [Worker-9: Launching mavenrun-c0c81a13-dfcc-407a-a229-054f5e3833b1] INFO  o.eclipse.m2e.core.internal.Bundles - 	Entry: C:\Users\Hp\.p2\pool\plugins\org.eclipse.m2e.maven.runtime_3.9.500.20231113-2345\jars\wagon-provider-api-3.5.3.jar
2024-03-09 11:05:07,152 [Worker-9: Launching mavenrun-c0c81a13-dfcc-407a-a229-054f5e3833b1] INFO  o.eclipse.m2e.core.internal.Bundles - getClasspathEntries(Bundle=com.google.guava_32.1.3.jre [10])
2024-03-09 11:05:07,153 [Worker-9: Launching mavenrun-c0c81a13-dfcc-407a-a229-054f5e3833b1] INFO  o.eclipse.m2e.core.internal.Bundles - 	Entry: C:\Users\Hp\.p2\pool\plugins\com.google.guava_32.1.3.jre.jar
2024-03-09 11:05:07,154 [Worker-9: Launching mavenrun-c0c81a13-dfcc-407a-a229-054f5e3833b1] INFO  o.eclipse.m2e.core.internal.Bundles - getClasspathEntries(Bundle=slf4j.api_2.0.12 [515])
2024-03-09 11:05:07,155 [Worker-9: Launching mavenrun-c0c81a13-dfcc-407a-a229-054f5e3833b1] INFO  o.eclipse.m2e.core.internal.Bundles - 	Entry: C:\Users\Hp\.p2\pool\plugins\slf4j.api_2.0.12.jar
2024-03-09 11:05:07,156 [Worker-9: Launching mavenrun-c0c81a13-dfcc-407a-a229-054f5e3833b1] INFO  o.eclipse.m2e.core.internal.Bundles - getClasspathEntries(Bundle=jakarta.inject.jakarta.inject-api_1.0.5 [22])
2024-03-09 11:05:07,158 [Worker-9: Launching mavenrun-c0c81a13-dfcc-407a-a229-054f5e3833b1] INFO  o.eclipse.m2e.core.internal.Bundles - 	Entry: C:\Users\Hp\.p2\pool\plugins\jakarta.inject.jakarta.inject-api_1.0.5.jar
2024-03-09 11:05:07,158 [Worker-9: Launching mavenrun-c0c81a13-dfcc-407a-a229-054f5e3833b1] INFO  o.eclipse.m2e.core.internal.Bundles - getClasspathEntries(Bundle=jakarta.annotation-api_1.3.5 [20])
2024-03-09 11:05:07,159 [Worker-9: Launching mavenrun-c0c81a13-dfcc-407a-a229-054f5e3833b1] INFO  o.eclipse.m2e.core.internal.Bundles - 	Entry: C:\Users\Hp\.p2\pool\plugins\jakarta.annotation-api_1.3.5.jar
2024-03-09 11:05:07,159 [Worker-9: Launching mavenrun-c0c81a13-dfcc-407a-a229-054f5e3833b1] INFO  o.eclipse.m2e.core.internal.Bundles - getClasspathEntries(Bundle=org.apache.commons.cli_1.6.0 [46])
2024-03-09 11:05:07,159 [Worker-9: Launching mavenrun-c0c81a13-dfcc-407a-a229-054f5e3833b1] INFO  o.eclipse.m2e.core.internal.Bundles - 	Entry: C:\Users\Hp\.p2\pool\plugins\org.apache.commons.cli_1.6.0.jar
2024-03-09 11:05:07,159 [Worker-9: Launching mavenrun-c0c81a13-dfcc-407a-a229-054f5e3833b1] INFO  o.eclipse.m2e.core.internal.Bundles - getClasspathEntries(Bundle=org.apache.commons.commons-codec_1.16.0 [48])
2024-03-09 11:05:07,161 [Worker-9: Launching mavenrun-c0c81a13-dfcc-407a-a229-054f5e3833b1] INFO  o.eclipse.m2e.core.internal.Bundles - 	Entry: C:\Users\Hp\.p2\pool\plugins\org.apache.commons.commons-codec_1.16.0.jar
2024-03-09 11:05:07,162 [Worker-9: Launching mavenrun-c0c81a13-dfcc-407a-a229-054f5e3833b1] INFO  o.eclipse.m2e.core.internal.Bundles - getClasspathEntries(Bundle=org.apache.commons.lang3_3.13.0 [53])
2024-03-09 11:05:07,163 [Worker-9: Launching mavenrun-c0c81a13-dfcc-407a-a229-054f5e3833b1] INFO  o.eclipse.m2e.core.internal.Bundles - 	Entry: C:\Users\Hp\.p2\pool\plugins\org.apache.commons.lang3_3.13.0.jar
2024-03-09 11:05:07,164 [Worker-9: Launching mavenrun-c0c81a13-dfcc-407a-a229-054f5e3833b1] INFO  o.eclipse.m2e.core.internal.Bundles - getClasspathEntries(Bundle=com.google.guava.failureaccess_1.0.2 [11])
2024-03-09 11:05:07,165 [Worker-9: Launching mavenrun-c0c81a13-dfcc-407a-a229-054f5e3833b1] INFO  o.eclipse.m2e.core.internal.Bundles - 	Entry: C:\Users\Hp\.p2\pool\plugins\com.google.guava.failureaccess_1.0.2.jar
2024-03-09 11:05:07,172 [Worker-9: Launching mavenrun-c0c81a13-dfcc-407a-a229-054f5e3833b1] INFO  o.e.m.i.launch.MavenLaunchDelegate - Run build in "C:\Users\Hp\AppData\Local\Temp\m2e-archetypeGenerator11988797237174328286":
2024-03-09 11:05:07,179 [Worker-9: Launching mavenrun-c0c81a13-dfcc-407a-a229-054f5e3833b1] INFO  o.e.m.i.launch.MavenLaunchDelegate -  mvn  -DarchetypeGroupId=org.apache.maven.archetypes -DarchetypeArtifactId=maven-archetype-quickstart -DarchetypeVersion=1.4 -DgroupId=demo -DartifactId=POM_learning -Dversion=0.0.1-SNAPSHOT -Dpackage=demo.POM_learning -DoutputDirectory=C:\Users\Hp\Desktop\Feb24 -Dstyle.color=always -U archetype:generate
2024-03-09 11:05:22,847 [Worker-19: Creating maven-archetype-quickstart] INFO  o.e.m.c.i.p.ProjectConfigurationManager - Collecting project info '/pom.xml' C:\Users\Hp\Desktop\Feb24\POM_learning\pom.xml
2024-03-09 11:05:25,269 [Worker-19: Creating maven-archetype-quickstart] INFO  o.e.m.c.i.l.LifecycleMappingFactory - Using org.eclipse.m2e.jdt.JarLifecycleMapping lifecycle mapping for MavenProject: demo:POM_learning:0.0.1-SNAPSHOT @ C:\Users\Hp\Desktop\Feb24\POM_learning\pom.xml.
2024-03-09 11:05:26,946 [Worker-19: Creating maven-archetype-quickstart] INFO  o.e.m.j.i.AbstractJavaProjectConfigurator - Adding source folder /POM_learning/src/main/java
2024-03-09 11:05:26,948 [Worker-19: Creating maven-archetype-quickstart] INFO  o.e.m.j.i.AbstractJavaProjectConfigurator - Adding resource folder /POM_learning/src/main/resources
2024-03-09 11:05:26,963 [Worker-19: Creating maven-archetype-quickstart] INFO  o.e.m.j.i.AbstractJavaProjectConfigurator - Adding source folder /POM_learning/src/test/java
2024-03-09 11:05:26,964 [Worker-19: Creating maven-archetype-quickstart] INFO  o.e.m.j.i.AbstractJavaProjectConfigurator - Adding resource folder /POM_learning/src/test/resources
2024-03-09 11:05:27,203 [Worker-19: Creating maven-archetype-quickstart] INFO  o.e.m.c.i.p.ProjectConfigurationManager - Imported and configured 1 project(s) in 4 sec
2024-03-09 11:05:27,949 [Worker-20: Building] INFO  o.e.m.c.i.embedder.EclipseLogger - Using 'UTF-8' encoding to copy filtered resources.
2024-03-09 11:05:27,951 [Worker-20: Building] INFO  o.e.m.c.i.embedder.EclipseLogger - skip non existing resourceDirectory C:\Users\Hp\Desktop\Feb24\POM_learning\src\main\resources
2024-03-09 11:05:27,969 [Worker-20: Building] INFO  o.e.m.c.i.embedder.EclipseLogger - Using 'UTF-8' encoding to copy filtered resources.
2024-03-09 11:05:27,969 [Worker-20: Building] INFO  o.e.m.c.i.embedder.EclipseLogger - skip non existing resourceDirectory C:\Users\Hp\Desktop\Feb24\POM_learning\src\test\resources
2024-03-09 11:05:38,951 [Worker-13: Building] ERROR o.e.m.c.i.p.r.ProjectRegistryManager - Could not read pom.xml
org.eclipse.core.runtime.CoreException: Could not read pom.xml
	at org.eclipse.m2e.core.internal.IMavenToolbox.readModel(IMavenToolbox.java:236)
	at org.eclipse.m2e.core.internal.project.registry.ProjectRegistryManager.refreshPhase2(ProjectRegistryManager.java:587)
	at org.eclipse.m2e.core.internal.project.registry.ProjectRegistryManager.refresh(ProjectRegistryManager.java:487)
	at org.eclipse.m2e.core.internal.project.registry.ProjectRegistryManager.refresh(ProjectRegistryManager.java:366)
	at org.eclipse.m2e.core.internal.project.registry.ProjectRegistryManager.refresh(ProjectRegistryManager.java:318)
	at org.eclipse.m2e.core.internal.builder.MavenBuilder$BuildMethod.getProjectFacade(MavenBuilder.java:146)
	at org.eclipse.m2e.core.internal.builder.MavenBuilder$BuildMethod.lambda$0(MavenBuilder.java:84)
	at org.eclipse.m2e.core.internal.embedder.MavenExecutionContext.executeBare(MavenExecutionContext.java:394)
	at org.eclipse.m2e.core.internal.embedder.MavenExecutionContext.execute(MavenExecutionContext.java:275)
	at org.eclipse.m2e.core.internal.embedder.MavenExecutionContext.execute(MavenExecutionContext.java:214)
	at org.eclipse.m2e.core.internal.builder.MavenBuilder$BuildMethod.execute(MavenBuilder.java:83)
	at org.eclipse.m2e.core.internal.builder.MavenBuilder.build(MavenBuilder.java:192)
	at org.eclipse.core.internal.events.BuildManager$2.run(BuildManager.java:1079)
	at org.eclipse.core.runtime.SafeRunner.run(SafeRunner.java:47)
	at org.eclipse.core.internal.events.BuildManager.basicBuild(BuildManager.java:296)
	at org.eclipse.core.internal.events.BuildManager.basicBuild(BuildManager.java:352)
	at org.eclipse.core.internal.events.BuildManager$1.run(BuildManager.java:441)
	at org.eclipse.core.runtime.SafeRunner.run(SafeRunner.java:47)
	at org.eclipse.core.internal.events.BuildManager.basicBuild(BuildManager.java:444)
	at org.eclipse.core.internal.events.BuildManager.basicBuildLoop(BuildManager.java:555)
	at org.eclipse.core.internal.events.BuildManager.basicBuildLoop(BuildManager.java:503)
	at org.eclipse.core.internal.events.BuildManager.build(BuildManager.java:585)
	at org.eclipse.core.internal.events.AutoBuildJob.doBuild(AutoBuildJob.java:207)
	at org.eclipse.core.internal.events.AutoBuildJob.run(AutoBuildJob.java:300)
	at org.eclipse.core.internal.jobs.Worker.run(Worker.java:63)
Caused by: org.apache.maven.model.io.ModelParseException: unexpected character in markup \r (position: START_TAG seen ...<dependencies>\r\n    <\r... @22:7) 
	at org.apache.maven.model.io.DefaultModelReader.read(DefaultModelReader.java:96)
	at org.apache.maven.model.io.DefaultModelReader.read(DefaultModelReader.java:74)
	at org.eclipse.m2e.core.internal.IMavenToolbox.readModel(IMavenToolbox.java:234)
	... 24 common frames omitted
Caused by: org.codehaus.plexus.util.xml.pull.XmlPullParserException: unexpected character in markup \r (position: START_TAG seen ...<dependencies>\r\n    <\r... @22:7) 
	at org.codehaus.plexus.util.xml.pull.MXParser.nextImpl(MXParser.java:1582)
	at org.codehaus.plexus.util.xml.pull.MXParser.next(MXParser.java:1375)
	at org.codehaus.plexus.util.xml.pull.MXParser.nextTag(MXParser.java:1357)
	at org.apache.maven.model.io.xpp3.MavenXpp3Reader.parseModel(MavenXpp3Reader.java:2317)
	at org.apache.maven.model.io.xpp3.MavenXpp3Reader.read(MavenXpp3Reader.java:623)
	at org.apache.maven.model.io.xpp3.MavenXpp3Reader.read(MavenXpp3Reader.java:654)
	at org.apache.maven.model.io.DefaultModelReader.read(DefaultModelReader.java:93)
	... 26 common frames omitted
2024-03-09 11:05:40,230 [Worker-0: Building] ERROR o.e.m.c.i.p.r.ProjectRegistryManager - Could not read pom.xml
org.eclipse.core.runtime.CoreException: Could not read pom.xml
	at org.eclipse.m2e.core.internal.IMavenToolbox.readModel(IMavenToolbox.java:236)
	at org.eclipse.m2e.core.internal.project.registry.ProjectRegistryManager.refreshPhase2(ProjectRegistryManager.java:587)
	at org.eclipse.m2e.core.internal.project.registry.ProjectRegistryManager.refresh(ProjectRegistryManager.java:487)
	at org.eclipse.m2e.core.internal.project.registry.ProjectRegistryManager.refresh(ProjectRegistryManager.java:366)
	at org.eclipse.m2e.core.internal.project.registry.ProjectRegistryManager.refresh(ProjectRegistryManager.java:318)
	at org.eclipse.m2e.core.internal.builder.MavenBuilder$BuildMethod.getProjectFacade(MavenBuilder.java:146)
	at org.eclipse.m2e.core.internal.builder.MavenBuilder$BuildMethod.lambda$0(MavenBuilder.java:84)
	at org.eclipse.m2e.core.internal.embedder.MavenExecutionContext.executeBare(MavenExecutionContext.java:394)
	at org.eclipse.m2e.core.internal.embedder.MavenExecutionContext.execute(MavenExecutionContext.java:275)
	at org.eclipse.m2e.core.internal.embedder.MavenExecutionContext.execute(MavenExecutionContext.java:214)
	at org.eclipse.m2e.core.internal.builder.MavenBuilder$BuildMethod.execute(MavenBuilder.java:83)
	at org.eclipse.m2e.core.internal.builder.MavenBuilder.build(MavenBuilder.java:192)
	at org.eclipse.core.internal.events.BuildManager$2.run(BuildManager.java:1079)
	at org.eclipse.core.runtime.SafeRunner.run(SafeRunner.java:47)
	at org.eclipse.core.internal.events.BuildManager.basicBuild(BuildManager.java:296)
	at org.eclipse.core.internal.events.BuildManager.basicBuild(BuildManager.java:352)
	at org.eclipse.core.internal.events.BuildManager$1.run(BuildManager.java:441)
	at org.eclipse.core.runtime.SafeRunner.run(SafeRunner.java:47)
	at org.eclipse.core.internal.events.BuildManager.basicBuild(BuildManager.java:444)
	at org.eclipse.core.internal.events.BuildManager.basicBuildLoop(BuildManager.java:555)
	at org.eclipse.core.internal.events.BuildManager.basicBuildLoop(BuildManager.java:503)
	at org.eclipse.core.internal.events.BuildManager.build(BuildManager.java:585)
	at org.eclipse.core.internal.events.AutoBuildJob.doBuild(AutoBuildJob.java:207)
	at org.eclipse.core.internal.events.AutoBuildJob.run(AutoBuildJob.java:300)
	at org.eclipse.core.internal.jobs.Worker.run(Worker.java:63)
Caused by: org.apache.maven.model.io.ModelParseException: unexpected character in markup \r (position: START_TAG seen ...<dependencies>\r\n    <\r... @22:7) 
	at org.apache.maven.model.io.DefaultModelReader.read(DefaultModelReader.java:96)
	at org.apache.maven.model.io.DefaultModelReader.read(DefaultModelReader.java:74)
	at org.eclipse.m2e.core.internal.IMavenToolbox.readModel(IMavenToolbox.java:234)
	... 24 common frames omitted
Caused by: org.codehaus.plexus.util.xml.pull.XmlPullParserException: unexpected character in markup \r (position: START_TAG seen ...<dependencies>\r\n    <\r... @22:7) 
	at org.codehaus.plexus.util.xml.pull.MXParser.nextImpl(MXParser.java:1582)
	at org.codehaus.plexus.util.xml.pull.MXParser.next(MXParser.java:1375)
	at org.codehaus.plexus.util.xml.pull.MXParser.nextTag(MXParser.java:1357)
	at org.apache.maven.model.io.xpp3.MavenXpp3Reader.parseModel(MavenXpp3Reader.java:2317)
	at org.apache.maven.model.io.xpp3.MavenXpp3Reader.read(MavenXpp3Reader.java:623)
	at org.apache.maven.model.io.xpp3.MavenXpp3Reader.read(MavenXpp3Reader.java:654)
	at org.apache.maven.model.io.DefaultModelReader.read(DefaultModelReader.java:93)
	... 26 common frames omitted
2024-03-09 11:06:16,167 [Worker-9: Building] INFO  o.e.m.c.i.l.LifecycleMappingFactory - Using org.eclipse.m2e.jdt.JarLifecycleMapping lifecycle mapping for MavenProject: demo:POM_learning:0.0.1-SNAPSHOT @ C:\Users\Hp\Desktop\Feb24\POM_learning\pom.xml.
2024-03-09 11:06:22,357 [Worker-9: Building] INFO  o.e.m.c.i.embedder.EclipseLogger - Using 'UTF-8' encoding to copy filtered resources.
2024-03-09 11:06:22,357 [Worker-9: Building] INFO  o.e.m.c.i.embedder.EclipseLogger - skip non existing resourceDirectory C:\Users\Hp\Desktop\Feb24\POM_learning\src\main\resources
2024-03-09 11:06:22,385 [Worker-9: Building] INFO  o.e.m.c.i.embedder.EclipseLogger - Using 'UTF-8' encoding to copy filtered resources.
2024-03-09 11:06:22,386 [Worker-9: Building] INFO  o.e.m.c.i.embedder.EclipseLogger - skip non existing resourceDirectory C:\Users\Hp\Desktop\Feb24\POM_learning\src\test\resources
2024-03-09 11:06:25,965 [Worker-15: Building] INFO  o.e.m.c.i.l.LifecycleMappingFactory - Using org.eclipse.m2e.jdt.JarLifecycleMapping lifecycle mapping for MavenProject: demo:POM_learning:0.0.1-SNAPSHOT @ C:\Users\Hp\Desktop\Feb24\POM_learning\pom.xml.
2024-03-09 11:06:27,748 [Worker-15: Building] INFO  o.e.m.c.i.embedder.EclipseLogger - Using 'UTF-8' encoding to copy filtered resources.
2024-03-09 11:06:27,749 [Worker-15: Building] INFO  o.e.m.c.i.embedder.EclipseLogger - skip non existing resourceDirectory C:\Users\Hp\Desktop\Feb24\POM_learning\src\main\resources
2024-03-09 11:06:27,759 [Worker-15: Building] INFO  o.e.m.c.i.embedder.EclipseLogger - Using 'UTF-8' encoding to copy filtered resources.
2024-03-09 11:06:27,759 [Worker-15: Building] INFO  o.e.m.c.i.embedder.EclipseLogger - skip non existing resourceDirectory C:\Users\Hp\Desktop\Feb24\POM_learning\src\test\resources
2024-03-09 11:06:44,973 [Worker-22: Building] INFO  o.e.m.c.i.l.LifecycleMappingFactory - Using org.eclipse.m2e.jdt.JarLifecycleMapping lifecycle mapping for MavenProject: demo:POM_learning:0.0.1-SNAPSHOT @ C:\Users\Hp\Desktop\Feb24\POM_learning\pom.xml.
2024-03-09 11:06:45,877 [Worker-22: Building] INFO  o.e.m.c.i.e.AbstractTransferListenerAdapter - Downloading https://repo.maven.apache.org/maven2/org/testng/testng/7.7.0/testng-7.7.0.pom
2024-03-09 11:06:45,899 [Worker-22: Building] INFO  o.e.m.c.i.e.AbstractTransferListenerAdapter - Downloaded https://repo.maven.apache.org/maven2/org/testng/testng/7.7.0/testng-7.7.0.pom
2024-03-09 11:06:46,243 [Worker-22: Building] INFO  o.e.m.c.i.e.AbstractTransferListenerAdapter - Downloading https://repo.maven.apache.org/maven2/org/testng/testng/7.7.0/testng-7.7.0.jar
2024-03-09 11:06:46,406 [Worker-22: Building] INFO  o.e.m.c.i.e.AbstractTransferListenerAdapter - Downloaded https://repo.maven.apache.org/maven2/org/testng/testng/7.7.0/testng-7.7.0.jar
2024-03-09 11:06:46,962 [Worker-22: Building] INFO  o.e.m.c.i.embedder.EclipseLogger - Using 'UTF-8' encoding to copy filtered resources.
2024-03-09 11:06:46,963 [Worker-22: Building] INFO  o.e.m.c.i.embedder.EclipseLogger - skip non existing resourceDirectory C:\Users\Hp\Desktop\Feb24\POM_learning\src\main\resources
2024-03-09 11:06:46,969 [Worker-22: Building] INFO  o.e.m.c.i.embedder.EclipseLogger - Using 'UTF-8' encoding to copy filtered resources.
2024-03-09 11:06:46,970 [Worker-22: Building] INFO  o.e.m.c.i.embedder.EclipseLogger - skip non existing resourceDirectory C:\Users\Hp\Desktop\Feb24\POM_learning\src\test\resources
2024-03-09 11:06:47,718 [Worker-2: Download sources and javadoc] INFO  o.e.m.c.i.e.AbstractTransferListenerAdapter - Downloading https://repo.maven.apache.org/maven2/org/testng/testng/7.7.0/testng-7.7.0-sources.jar
2024-03-09 11:06:47,829 [Worker-2: Download sources and javadoc] INFO  o.e.m.c.i.e.AbstractTransferListenerAdapter - Downloaded https://repo.maven.apache.org/maven2/org/testng/testng/7.7.0/testng-7.7.0-sources.jar
2024-03-09 11:06:47,836 [Worker-2: Download sources and javadoc] INFO  o.e.m.j.internal.DownloadSourcesJob - Downloaded sources for org.testng:testng:7.7.0
2024-03-09 11:06:49,886 [Worker-13: Building] INFO  o.e.m.c.i.l.LifecycleMappingFactory - Using org.eclipse.m2e.jdt.JarLifecycleMapping lifecycle mapping for MavenProject: demo:POM_learning:0.0.1-SNAPSHOT @ C:\Users\Hp\Desktop\Feb24\POM_learning\pom.xml.
2024-03-09 11:06:51,892 [Worker-13: Building] INFO  o.e.m.c.i.embedder.EclipseLogger - Using 'UTF-8' encoding to copy filtered resources.
2024-03-09 11:06:51,892 [Worker-13: Building] INFO  o.e.m.c.i.embedder.EclipseLogger - skip non existing resourceDirectory C:\Users\Hp\Desktop\Feb24\POM_learning\src\main\resources
2024-03-09 11:06:51,899 [Worker-13: Building] INFO  o.e.m.c.i.embedder.EclipseLogger - Using 'UTF-8' encoding to copy filtered resources.
2024-03-09 11:06:51,899 [Worker-13: Building] INFO  o.e.m.c.i.embedder.EclipseLogger - skip non existing resourceDirectory C:\Users\Hp\Desktop\Feb24\POM_learning\src\test\resources
2024-03-09 11:09:35,912 [Worker-13: Building] INFO  o.e.m.c.i.embedder.EclipseLogger - Using 'UTF-8' encoding to copy filtered resources.
2024-03-09 11:09:35,913 [Worker-13: Building] INFO  o.e.m.c.i.embedder.EclipseLogger - skip non existing resourceDirectory C:\Users\Hp\Desktop\Feb24\POM_learning\src\main\resources
2024-03-09 11:09:35,922 [Worker-13: Building] INFO  o.e.m.c.i.embedder.EclipseLogger - Using 'UTF-8' encoding to copy filtered resources.
2024-03-09 11:09:35,923 [Worker-13: Building] INFO  o.e.m.c.i.embedder.EclipseLogger - skip non existing resourceDirectory C:\Users\Hp\Desktop\Feb24\POM_learning\src\test\resources
2024-03-09 11:09:41,697 [Worker-13: Building] INFO  o.e.m.c.i.embedder.EclipseLogger - Using 'UTF-8' encoding to copy filtered resources.
2024-03-09 11:09:41,699 [Worker-13: Building] INFO  o.e.m.c.i.embedder.EclipseLogger - skip non existing resourceDirectory C:\Users\Hp\Desktop\Feb24\POM_learning\src\main\resources
2024-03-09 11:09:41,709 [Worker-13: Building] INFO  o.e.m.c.i.embedder.EclipseLogger - Using 'UTF-8' encoding to copy filtered resources.
2024-03-09 11:09:41,709 [Worker-13: Building] INFO  o.e.m.c.i.embedder.EclipseLogger - skip non existing resourceDirectory C:\Users\Hp\Desktop\Feb24\POM_learning\src\test\resources
2024-03-09 11:10:42,957 [Worker-23: Building] INFO  o.e.m.c.i.embedder.EclipseLogger - Using 'UTF-8' encoding to copy filtered resources.
2024-03-09 11:10:42,958 [Worker-23: Building] INFO  o.e.m.c.i.embedder.EclipseLogger - skip non existing resourceDirectory C:\Users\Hp\Desktop\Feb24\POM_learning\src\main\resources
2024-03-09 11:10:42,969 [Worker-23: Building] INFO  o.e.m.c.i.embedder.EclipseLogger - Using 'UTF-8' encoding to copy filtered resources.
2024-03-09 11:10:42,969 [Worker-23: Building] INFO  o.e.m.c.i.embedder.EclipseLogger - skip non existing resourceDirectory C:\Users\Hp\Desktop\Feb24\POM_learning\src\test\resources
2024-03-09 11:10:58,345 [Worker-5: Building] INFO  o.e.m.c.i.embedder.EclipseLogger - Using 'UTF-8' encoding to copy filtered resources.
2024-03-09 11:10:58,346 [Worker-5: Building] INFO  o.e.m.c.i.embedder.EclipseLogger - skip non existing resourceDirectory C:\Users\Hp\Desktop\Feb24\POM_learning\src\main\resources
2024-03-09 11:10:58,351 [Worker-5: Building] INFO  o.e.m.c.i.embedder.EclipseLogger - Using 'UTF-8' encoding to copy filtered resources.
2024-03-09 11:10:58,351 [Worker-5: Building] INFO  o.e.m.c.i.embedder.EclipseLogger - skip non existing resourceDirectory C:\Users\Hp\Desktop\Feb24\POM_learning\src\test\resources
2024-03-09 11:11:39,058 [Worker-5: Building] INFO  o.e.m.c.i.embedder.EclipseLogger - Using 'UTF-8' encoding to copy filtered resources.
2024-03-09 11:11:39,059 [Worker-5: Building] INFO  o.e.m.c.i.embedder.EclipseLogger - skip non existing resourceDirectory C:\Users\Hp\Desktop\Feb24\POM_learning\src\main\resources
2024-03-09 11:11:39,063 [Worker-5: Building] INFO  o.e.m.c.i.embedder.EclipseLogger - Using 'UTF-8' encoding to copy filtered resources.
2024-03-09 11:11:39,064 [Worker-5: Building] INFO  o.e.m.c.i.embedder.EclipseLogger - skip non existing resourceDirectory C:\Users\Hp\Desktop\Feb24\POM_learning\src\test\resources
2024-03-09 11:11:54,464 [Worker-24: Building] INFO  o.e.m.c.i.embedder.EclipseLogger - Using 'UTF-8' encoding to copy filtered resources.
2024-03-09 11:11:54,465 [Worker-24: Building] INFO  o.e.m.c.i.embedder.EclipseLogger - skip non existing resourceDirectory C:\Users\Hp\Desktop\Feb24\POM_learning\src\main\resources
2024-03-09 11:11:54,469 [Worker-24: Building] INFO  o.e.m.c.i.embedder.EclipseLogger - Using 'UTF-8' encoding to copy filtered resources.
2024-03-09 11:11:54,470 [Worker-24: Building] INFO  o.e.m.c.i.embedder.EclipseLogger - skip non existing resourceDirectory C:\Users\Hp\Desktop\Feb24\POM_learning\src\test\resources
2024-03-09 11:19:02,175 [Worker-13: Building] INFO  o.e.m.c.i.embedder.EclipseLogger - Using 'UTF-8' encoding to copy filtered resources.
2024-03-09 11:19:02,175 [Worker-13: Building] INFO  o.e.m.c.i.embedder.EclipseLogger - skip non existing resourceDirectory C:\Users\Hp\Desktop\Feb24\POM_learning\src\main\resources
2024-03-09 11:19:02,180 [Worker-13: Building] INFO  o.e.m.c.i.embedder.EclipseLogger - Using 'UTF-8' encoding to copy filtered resources.
2024-03-09 11:19:02,180 [Worker-13: Building] INFO  o.e.m.c.i.embedder.EclipseLogger - skip non existing resourceDirectory C:\Users\Hp\Desktop\Feb24\POM_learning\src\test\resources
2024-03-09 11:20:48,453 [Worker-13: Building] INFO  o.e.m.c.i.embedder.EclipseLogger - Using 'UTF-8' encoding to copy filtered resources.
2024-03-09 11:20:48,453 [Worker-13: Building] INFO  o.e.m.c.i.embedder.EclipseLogger - skip non existing resourceDirectory C:\Users\Hp\Desktop\Feb24\POM_learning\src\main\resources
2024-03-09 11:20:48,456 [Worker-13: Building] INFO  o.e.m.c.i.embedder.EclipseLogger - Using 'UTF-8' encoding to copy filtered resources.
2024-03-09 11:20:48,457 [Worker-13: Building] INFO  o.e.m.c.i.embedder.EclipseLogger - skip non existing resourceDirectory C:\Users\Hp\Desktop\Feb24\POM_learning\src\test\resources
2024-03-09 11:22:33,325 [Worker-28: Building] INFO  o.e.m.c.i.embedder.EclipseLogger - Using 'UTF-8' encoding to copy filtered resources.
2024-03-09 11:22:33,326 [Worker-28: Building] INFO  o.e.m.c.i.embedder.EclipseLogger - skip non existing resourceDirectory C:\Users\Hp\Desktop\Feb24\POM_learning\src\main\resources
2024-03-09 11:22:33,329 [Worker-28: Building] INFO  o.e.m.c.i.embedder.EclipseLogger - Using 'UTF-8' encoding to copy filtered resources.
2024-03-09 11:22:33,329 [Worker-28: Building] INFO  o.e.m.c.i.embedder.EclipseLogger - skip non existing resourceDirectory C:\Users\Hp\Desktop\Feb24\POM_learning\src\test\resources
2024-03-09 11:23:35,974 [Worker-26: Building] INFO  o.e.m.c.i.embedder.EclipseLogger - Using 'UTF-8' encoding to copy filtered resources.
2024-03-09 11:23:35,975 [Worker-26: Building] INFO  o.e.m.c.i.embedder.EclipseLogger - skip non existing resourceDirectory C:\Users\Hp\Desktop\Feb24\POM_learning\src\main\resources
2024-03-09 11:23:35,977 [Worker-26: Building] INFO  o.e.m.c.i.embedder.EclipseLogger - Using 'UTF-8' encoding to copy filtered resources.
2024-03-09 11:23:35,977 [Worker-26: Building] INFO  o.e.m.c.i.embedder.EclipseLogger - skip non existing resourceDirectory C:\Users\Hp\Desktop\Feb24\POM_learning\src\test\resources
2024-03-09 11:24:40,522 [Worker-29: Building] INFO  o.e.m.c.i.embedder.EclipseLogger - Using 'UTF-8' encoding to copy filtered resources.
2024-03-09 11:24:40,524 [Worker-29: Building] INFO  o.e.m.c.i.embedder.EclipseLogger - skip non existing resourceDirectory C:\Users\Hp\Desktop\Feb24\POM_learning\src\main\resources
2024-03-09 11:24:40,526 [Worker-29: Building] INFO  o.e.m.c.i.embedder.EclipseLogger - Using 'UTF-8' encoding to copy filtered resources.
2024-03-09 11:24:40,527 [Worker-29: Building] INFO  o.e.m.c.i.embedder.EclipseLogger - skip non existing resourceDirectory C:\Users\Hp\Desktop\Feb24\POM_learning\src\test\resources
2024-03-09 11:27:42,246 [Worker-31: Building] INFO  o.e.m.c.i.embedder.EclipseLogger - Using 'UTF-8' encoding to copy filtered resources.
2024-03-09 11:27:42,248 [Worker-31: Building] INFO  o.e.m.c.i.embedder.EclipseLogger - skip non existing resourceDirectory C:\Users\Hp\Desktop\Feb24\POM_learning\src\main\resources
2024-03-09 11:27:42,252 [Worker-31: Building] INFO  o.e.m.c.i.embedder.EclipseLogger - Using 'UTF-8' encoding to copy filtered resources.
2024-03-09 11:27:42,252 [Worker-31: Building] INFO  o.e.m.c.i.embedder.EclipseLogger - skip non existing resourceDirectory C:\Users\Hp\Desktop\Feb24\POM_learning\src\test\resources
2024-03-09 11:29:48,963 [Worker-32: Building] INFO  o.e.m.c.i.embedder.EclipseLogger - Using 'UTF-8' encoding to copy filtered resources.
2024-03-09 11:29:48,964 [Worker-32: Building] INFO  o.e.m.c.i.embedder.EclipseLogger - skip non existing resourceDirectory C:\Users\Hp\Desktop\Feb24\POM_learning\src\main\resources
2024-03-09 11:29:48,966 [Worker-32: Building] INFO  o.e.m.c.i.embedder.EclipseLogger - Using 'UTF-8' encoding to copy filtered resources.
2024-03-09 11:29:48,966 [Worker-32: Building] INFO  o.e.m.c.i.embedder.EclipseLogger - skip non existing resourceDirectory C:\Users\Hp\Desktop\Feb24\POM_learning\src\test\resources
2024-03-09 11:54:06,989 [Worker-46: Building] INFO  o.e.m.c.i.embedder.EclipseLogger - Using 'UTF-8' encoding to copy filtered resources.
2024-03-09 11:54:06,990 [Worker-46: Building] INFO  o.e.m.c.i.embedder.EclipseLogger - skip non existing resourceDirectory C:\Users\Hp\Desktop\Feb24\POM_learning\src\main\resources
2024-03-09 11:54:06,993 [Worker-46: Building] INFO  o.e.m.c.i.embedder.EclipseLogger - Using 'UTF-8' encoding to copy filtered resources.
2024-03-09 11:54:06,993 [Worker-46: Building] INFO  o.e.m.c.i.embedder.EclipseLogger - skip non existing resourceDirectory C:\Users\Hp\Desktop\Feb24\POM_learning\src\test\resources
2024-03-09 11:54:37,550 [Worker-43: Building] INFO  o.e.m.c.i.embedder.EclipseLogger - Using 'UTF-8' encoding to copy filtered resources.
2024-03-09 11:54:37,551 [Worker-43: Building] INFO  o.e.m.c.i.embedder.EclipseLogger - skip non existing resourceDirectory C:\Users\Hp\Desktop\Feb24\POM_learning\src\main\resources
2024-03-09 11:54:37,553 [Worker-43: Building] INFO  o.e.m.c.i.embedder.EclipseLogger - Using 'UTF-8' encoding to copy filtered resources.
2024-03-09 11:54:37,554 [Worker-43: Building] INFO  o.e.m.c.i.embedder.EclipseLogger - skip non existing resourceDirectory C:\Users\Hp\Desktop\Feb24\POM_learning\src\test\resources
2024-03-09 11:54:46,541 [Worker-46: Building] INFO  o.e.m.c.i.embedder.EclipseLogger - Using 'UTF-8' encoding to copy filtered resources.
2024-03-09 11:54:46,541 [Worker-46: Building] INFO  o.e.m.c.i.embedder.EclipseLogger - skip non existing resourceDirectory C:\Users\Hp\Desktop\Feb24\POM_learning\src\main\resources
2024-03-09 11:54:46,543 [Worker-46: Building] INFO  o.e.m.c.i.embedder.EclipseLogger - Using 'UTF-8' encoding to copy filtered resources.
2024-03-09 11:54:46,543 [Worker-46: Building] INFO  o.e.m.c.i.embedder.EclipseLogger - skip non existing resourceDirectory C:\Users\Hp\Desktop\Feb24\POM_learning\src\test\resources
2024-03-09 11:55:57,168 [Worker-46: Building] INFO  o.e.m.c.i.embedder.EclipseLogger - Using 'UTF-8' encoding to copy filtered resources.
2024-03-09 11:55:57,168 [Worker-46: Building] INFO  o.e.m.c.i.embedder.EclipseLogger - skip non existing resourceDirectory C:\Users\Hp\Desktop\Feb24\POM_learning\src\main\resources
2024-03-09 11:55:57,171 [Worker-46: Building] INFO  o.e.m.c.i.embedder.EclipseLogger - Using 'UTF-8' encoding to copy filtered resources.
2024-03-09 11:55:57,172 [Worker-46: Building] INFO  o.e.m.c.i.embedder.EclipseLogger - skip non existing resourceDirectory C:\Users\Hp\Desktop\Feb24\POM_learning\src\test\resources
2024-03-09 12:03:09,741 [Worker-43: Building] INFO  o.e.m.c.i.embedder.EclipseLogger - Using 'UTF-8' encoding to copy filtered resources.
2024-03-09 12:03:09,742 [Worker-43: Building] INFO  o.e.m.c.i.embedder.EclipseLogger - skip non existing resourceDirectory C:\Users\Hp\Desktop\Feb24\POM_learning\src\main\resources
2024-03-09 12:03:09,744 [Worker-43: Building] INFO  o.e.m.c.i.embedder.EclipseLogger - Using 'UTF-8' encoding to copy filtered resources.
2024-03-09 12:03:09,744 [Worker-43: Building] INFO  o.e.m.c.i.embedder.EclipseLogger - skip non existing resourceDirectory C:\Users\Hp\Desktop\Feb24\POM_learning\src\test\resources
2024-03-09 12:03:44,364 [Worker-48: Building] INFO  o.e.m.c.i.embedder.EclipseLogger - Using 'UTF-8' encoding to copy filtered resources.
2024-03-09 12:03:44,364 [Worker-48: Building] INFO  o.e.m.c.i.embedder.EclipseLogger - skip non existing resourceDirectory C:\Users\Hp\Desktop\Feb24\POM_learning\src\main\resources
2024-03-09 12:03:44,368 [Worker-48: Building] INFO  o.e.m.c.i.embedder.EclipseLogger - Using 'UTF-8' encoding to copy filtered resources.
2024-03-09 12:03:44,368 [Worker-48: Building] INFO  o.e.m.c.i.embedder.EclipseLogger - skip non existing resourceDirectory C:\Users\Hp\Desktop\Feb24\POM_learning\src\test\resources
2024-03-09 12:03:54,373 [Worker-48: Building] INFO  o.e.m.c.i.embedder.EclipseLogger - Using 'UTF-8' encoding to copy filtered resources.
2024-03-09 12:03:54,373 [Worker-48: Building] INFO  o.e.m.c.i.embedder.EclipseLogger - skip non existing resourceDirectory C:\Users\Hp\Desktop\Feb24\POM_learning\src\main\resources
2024-03-09 12:03:54,376 [Worker-48: Building] INFO  o.e.m.c.i.embedder.EclipseLogger - Using 'UTF-8' encoding to copy filtered resources.
2024-03-09 12:03:54,377 [Worker-48: Building] INFO  o.e.m.c.i.embedder.EclipseLogger - skip non existing resourceDirectory C:\Users\Hp\Desktop\Feb24\POM_learning\src\test\resources
2024-03-09 12:04:20,911 [Worker-48: Building] INFO  o.e.m.c.i.embedder.EclipseLogger - Using 'UTF-8' encoding to copy filtered resources.
2024-03-09 12:04:20,912 [Worker-48: Building] INFO  o.e.m.c.i.embedder.EclipseLogger - skip non existing resourceDirectory C:\Users\Hp\Desktop\Feb24\POM_learning\src\main\resources
2024-03-09 12:04:20,926 [Worker-48: Building] INFO  o.e.m.c.i.embedder.EclipseLogger - Using 'UTF-8' encoding to copy filtered resources.
2024-03-09 12:04:20,927 [Worker-48: Building] INFO  o.e.m.c.i.embedder.EclipseLogger - skip non existing resourceDirectory C:\Users\Hp\Desktop\Feb24\POM_learning\src\test\resources
2024-03-09 12:04:37,519 [Worker-48: Building] INFO  o.e.m.c.i.embedder.EclipseLogger - Using 'UTF-8' encoding to copy filtered resources.
2024-03-09 12:04:37,520 [Worker-48: Building] INFO  o.e.m.c.i.embedder.EclipseLogger - skip non existing resourceDirectory C:\Users\Hp\Desktop\Feb24\POM_learning\src\main\resources
2024-03-09 12:04:37,526 [Worker-48: Building] INFO  o.e.m.c.i.embedder.EclipseLogger - Using 'UTF-8' encoding to copy filtered resources.
2024-03-09 12:04:37,526 [Worker-48: Building] INFO  o.e.m.c.i.embedder.EclipseLogger - skip non existing resourceDirectory C:\Users\Hp\Desktop\Feb24\POM_learning\src\test\resources
2024-03-09 12:06:01,854 [Worker-43: Building] INFO  o.e.m.c.i.embedder.EclipseLogger - Using 'UTF-8' encoding to copy filtered resources.
2024-03-09 12:06:01,856 [Worker-43: Building] INFO  o.e.m.c.i.embedder.EclipseLogger - skip non existing resourceDirectory C:\Users\Hp\Desktop\Feb24\POM_learning\src\main\resources
2024-03-09 12:06:01,863 [Worker-43: Building] INFO  o.e.m.c.i.embedder.EclipseLogger - Using 'UTF-8' encoding to copy filtered resources.
2024-03-09 12:06:01,864 [Worker-43: Building] INFO  o.e.m.c.i.embedder.EclipseLogger - skip non existing resourceDirectory C:\Users\Hp\Desktop\Feb24\POM_learning\src\test\resources
2024-03-09 12:07:46,209 [Worker-48: Building] INFO  o.e.m.c.i.embedder.EclipseLogger - Using 'UTF-8' encoding to copy filtered resources.
2024-03-09 12:07:46,210 [Worker-48: Building] INFO  o.e.m.c.i.embedder.EclipseLogger - skip non existing resourceDirectory C:\Users\Hp\Desktop\Feb24\POM_learning\src\main\resources
2024-03-09 12:07:46,214 [Worker-48: Building] INFO  o.e.m.c.i.embedder.EclipseLogger - Using 'UTF-8' encoding to copy filtered resources.
2024-03-09 12:07:46,214 [Worker-48: Building] INFO  o.e.m.c.i.embedder.EclipseLogger - skip non existing resourceDirectory C:\Users\Hp\Desktop\Feb24\POM_learning\src\test\resources
2024-03-09 12:08:31,180 [Worker-51: Building] INFO  o.e.m.c.i.embedder.EclipseLogger - Using 'UTF-8' encoding to copy filtered resources.
2024-03-09 12:08:31,181 [Worker-51: Building] INFO  o.e.m.c.i.embedder.EclipseLogger - skip non existing resourceDirectory C:\Users\Hp\Desktop\Feb24\POM_learning\src\main\resources
2024-03-09 12:08:31,187 [Worker-51: Building] INFO  o.e.m.c.i.embedder.EclipseLogger - Using 'UTF-8' encoding to copy filtered resources.
2024-03-09 12:08:31,188 [Worker-51: Building] INFO  o.e.m.c.i.embedder.EclipseLogger - skip non existing resourceDirectory C:\Users\Hp\Desktop\Feb24\POM_learning\src\test\resources
2024-03-09 12:08:42,616 [Worker-49: Building] INFO  o.e.m.c.i.embedder.EclipseLogger - Using 'UTF-8' encoding to copy filtered resources.
2024-03-09 12:08:42,618 [Worker-49: Building] INFO  o.e.m.c.i.embedder.EclipseLogger - skip non existing resourceDirectory C:\Users\Hp\Desktop\Feb24\POM_learning\src\main\resources
2024-03-09 12:08:42,623 [Worker-49: Building] INFO  o.e.m.c.i.embedder.EclipseLogger - Using 'UTF-8' encoding to copy filtered resources.
2024-03-09 12:08:42,623 [Worker-49: Building] INFO  o.e.m.c.i.embedder.EclipseLogger - skip non existing resourceDirectory C:\Users\Hp\Desktop\Feb24\POM_learning\src\test\resources
2024-03-09 12:09:11,978 [Worker-51: Building] INFO  o.e.m.c.i.embedder.EclipseLogger - Using 'UTF-8' encoding to copy filtered resources.
2024-03-09 12:09:11,979 [Worker-51: Building] INFO  o.e.m.c.i.embedder.EclipseLogger - skip non existing resourceDirectory C:\Users\Hp\Desktop\Feb24\POM_learning\src\main\resources
2024-03-09 12:09:11,980 [Worker-51: Building] INFO  o.e.m.c.i.embedder.EclipseLogger - Using 'UTF-8' encoding to copy filtered resources.
2024-03-09 12:09:11,980 [Worker-51: Building] INFO  o.e.m.c.i.embedder.EclipseLogger - skip non existing resourceDirectory C:\Users\Hp\Desktop\Feb24\POM_learning\src\test\resources
2024-03-09 12:10:56,738 [Worker-48: Building] INFO  o.e.m.c.i.embedder.EclipseLogger - Using 'UTF-8' encoding to copy filtered resources.
2024-03-09 12:10:56,738 [Worker-48: Building] INFO  o.e.m.c.i.embedder.EclipseLogger - skip non existing resourceDirectory C:\Users\Hp\Desktop\Feb24\POM_learning\src\main\resources
2024-03-09 12:10:56,743 [Worker-48: Building] INFO  o.e.m.c.i.embedder.EclipseLogger - Using 'UTF-8' encoding to copy filtered resources.
2024-03-09 12:10:56,743 [Worker-48: Building] INFO  o.e.m.c.i.embedder.EclipseLogger - skip non existing resourceDirectory C:\Users\Hp\Desktop\Feb24\POM_learning\src\test\resources
2024-03-09 12:11:59,799 [Worker-48: Building] INFO  o.e.m.c.i.embedder.EclipseLogger - Using 'UTF-8' encoding to copy filtered resources.
2024-03-09 12:11:59,799 [Worker-48: Building] INFO  o.e.m.c.i.embedder.EclipseLogger - skip non existing resourceDirectory C:\Users\Hp\Desktop\Feb24\POM_learning\src\main\resources
2024-03-09 12:11:59,802 [Worker-48: Building] INFO  o.e.m.c.i.embedder.EclipseLogger - Using 'UTF-8' encoding to copy filtered resources.
2024-03-09 12:11:59,803 [Worker-48: Building] INFO  o.e.m.c.i.embedder.EclipseLogger - skip non existing resourceDirectory C:\Users\Hp\Desktop\Feb24\POM_learning\src\test\resources
2024-03-09 12:13:32,276 [Worker-50: Building] INFO  o.e.m.c.i.embedder.EclipseLogger - Using 'UTF-8' encoding to copy filtered resources.
2024-03-09 12:13:32,277 [Worker-50: Building] INFO  o.e.m.c.i.embedder.EclipseLogger - skip non existing resourceDirectory C:\Users\Hp\Desktop\Feb24\POM_learning\src\main\resources
2024-03-09 12:13:32,281 [Worker-50: Building] INFO  o.e.m.c.i.embedder.EclipseLogger - Using 'UTF-8' encoding to copy filtered resources.
2024-03-09 12:13:32,281 [Worker-50: Building] INFO  o.e.m.c.i.embedder.EclipseLogger - skip non existing resourceDirectory C:\Users\Hp\Desktop\Feb24\POM_learning\src\test\resources
2024-03-09 12:13:37,990 [Worker-49: Building] INFO  o.e.m.c.i.embedder.EclipseLogger - Using 'UTF-8' encoding to copy filtered resources.
2024-03-09 12:13:37,990 [Worker-49: Building] INFO  o.e.m.c.i.embedder.EclipseLogger - skip non existing resourceDirectory C:\Users\Hp\Desktop\Feb24\POM_learning\src\main\resources
2024-03-09 12:13:37,995 [Worker-49: Building] INFO  o.e.m.c.i.embedder.EclipseLogger - Using 'UTF-8' encoding to copy filtered resources.
2024-03-09 12:13:37,995 [Worker-49: Building] INFO  o.e.m.c.i.embedder.EclipseLogger - skip non existing resourceDirectory C:\Users\Hp\Desktop\Feb24\POM_learning\src\test\resources
2024-03-09 12:13:52,730 [Worker-50: Building] INFO  o.e.m.c.i.embedder.EclipseLogger - Using 'UTF-8' encoding to copy filtered resources.
2024-03-09 12:13:52,731 [Worker-50: Building] INFO  o.e.m.c.i.embedder.EclipseLogger - skip non existing resourceDirectory C:\Users\Hp\Desktop\Feb24\POM_learning\src\main\resources
2024-03-09 12:13:52,733 [Worker-50: Building] INFO  o.e.m.c.i.embedder.EclipseLogger - Using 'UTF-8' encoding to copy filtered resources.
2024-03-09 12:13:52,733 [Worker-50: Building] INFO  o.e.m.c.i.embedder.EclipseLogger - skip non existing resourceDirectory C:\Users\Hp\Desktop\Feb24\POM_learning\src\test\resources
2024-03-09 12:17:03,025 [Worker-48: Building] INFO  o.e.m.c.i.embedder.EclipseLogger - Using 'UTF-8' encoding to copy filtered resources.
2024-03-09 12:17:03,028 [Worker-48: Building] INFO  o.e.m.c.i.embedder.EclipseLogger - skip non existing resourceDirectory C:\Users\Hp\Desktop\Feb24\POM_learning\src\main\resources
2024-03-09 12:17:03,031 [Worker-48: Building] INFO  o.e.m.c.i.embedder.EclipseLogger - Using 'UTF-8' encoding to copy filtered resources.
2024-03-09 12:17:03,032 [Worker-48: Building] INFO  o.e.m.c.i.embedder.EclipseLogger - skip non existing resourceDirectory C:\Users\Hp\Desktop\Feb24\POM_learning\src\test\resources
2024-03-09 12:20:29,941 [Worker-4: Loading available Gradle versions] INFO  o.e.b.c.i.u.g.PublishedGradleVersions - Gradle version information cache is out-of-date. Trying to update.
2024-03-09 12:22:21,253 [Worker-11: Building] INFO  o.e.m.c.i.embedder.EclipseLogger - Using 'UTF-8' encoding to copy filtered resources.
2024-03-09 12:22:21,255 [Worker-11: Building] INFO  o.e.m.c.i.embedder.EclipseLogger - skip non existing resourceDirectory C:\Users\Hp\Desktop\Feb24\POM_learning\src\main\resources
2024-03-09 12:22:21,266 [Worker-11: Building] INFO  o.e.m.c.i.embedder.EclipseLogger - Using 'UTF-8' encoding to copy filtered resources.
2024-03-09 12:22:21,267 [Worker-11: Building] INFO  o.e.m.c.i.embedder.EclipseLogger - skip non existing resourceDirectory C:\Users\Hp\Desktop\Feb24\POM_learning\src\test\resources
2024-03-09 12:22:30,364 [Worker-21: Building] INFO  o.e.m.c.i.embedder.EclipseLogger - Using 'UTF-8' encoding to copy filtered resources.
2024-03-09 12:22:30,365 [Worker-21: Building] INFO  o.e.m.c.i.embedder.EclipseLogger - skip non existing resourceDirectory C:\Users\Hp\Desktop\Feb24\POM_learning\src\main\resources
2024-03-09 12:22:30,371 [Worker-21: Building] INFO  o.e.m.c.i.embedder.EclipseLogger - Using 'UTF-8' encoding to copy filtered resources.
2024-03-09 12:22:30,372 [Worker-21: Building] INFO  o.e.m.c.i.embedder.EclipseLogger - skip non existing resourceDirectory C:\Users\Hp\Desktop\Feb24\POM_learning\src\test\resources
2024-03-09 12:22:34,291 [Worker-6: Building] INFO  o.e.m.c.i.embedder.EclipseLogger - Using 'UTF-8' encoding to copy filtered resources.
2024-03-09 12:22:34,291 [Worker-6: Building] INFO  o.e.m.c.i.embedder.EclipseLogger - skip non existing resourceDirectory C:\Users\Hp\Desktop\Feb24\POM_learning\src\main\resources
2024-03-09 12:22:34,297 [Worker-6: Building] INFO  o.e.m.c.i.embedder.EclipseLogger - Using 'UTF-8' encoding to copy filtered resources.
2024-03-09 12:22:34,298 [Worker-6: Building] INFO  o.e.m.c.i.embedder.EclipseLogger - skip non existing resourceDirectory C:\Users\Hp\Desktop\Feb24\POM_learning\src\test\resources
2024-03-09 12:23:08,494 [Worker-21: Building] INFO  o.e.m.c.i.embedder.EclipseLogger - Using 'UTF-8' encoding to copy filtered resources.
2024-03-09 12:23:08,494 [Worker-21: Building] INFO  o.e.m.c.i.embedder.EclipseLogger - skip non existing resourceDirectory C:\Users\Hp\Desktop\Feb24\POM_learning\src\main\resources
2024-03-09 12:23:08,499 [Worker-21: Building] INFO  o.e.m.c.i.embedder.EclipseLogger - Using 'UTF-8' encoding to copy filtered resources.
2024-03-09 12:23:08,500 [Worker-21: Building] INFO  o.e.m.c.i.embedder.EclipseLogger - skip non existing resourceDirectory C:\Users\Hp\Desktop\Feb24\POM_learning\src\test\resources
2024-03-09 12:24:37,426 [Worker-13: Building] INFO  o.e.m.c.i.embedder.EclipseLogger - Using 'UTF-8' encoding to copy filtered resources.
2024-03-09 12:24:37,427 [Worker-13: Building] INFO  o.e.m.c.i.embedder.EclipseLogger - skip non existing resourceDirectory C:\Users\Hp\Desktop\Feb24\POM_learning\src\main\resources
2024-03-09 12:24:37,433 [Worker-13: Building] INFO  o.e.m.c.i.embedder.EclipseLogger - Using 'UTF-8' encoding to copy filtered resources.
2024-03-09 12:24:37,433 [Worker-13: Building] INFO  o.e.m.c.i.embedder.EclipseLogger - skip non existing resourceDirectory C:\Users\Hp\Desktop\Feb24\POM_learning\src\test\resources
2024-03-09 12:26:34,831 [Worker-3: Building] INFO  o.e.m.c.i.embedder.EclipseLogger - Using 'UTF-8' encoding to copy filtered resources.
2024-03-09 12:26:34,832 [Worker-3: Building] INFO  o.e.m.c.i.embedder.EclipseLogger - skip non existing resourceDirectory C:\Users\Hp\Desktop\Feb24\POM_learning\src\main\resources
2024-03-09 12:26:34,840 [Worker-3: Building] INFO  o.e.m.c.i.embedder.EclipseLogger - Using 'UTF-8' encoding to copy filtered resources.
2024-03-09 12:26:34,840 [Worker-3: Building] INFO  o.e.m.c.i.embedder.EclipseLogger - skip non existing resourceDirectory C:\Users\Hp\Desktop\Feb24\POM_learning\src\test\resources
2024-03-09 12:26:54,254 [Worker-8: Building] INFO  o.e.m.c.i.embedder.EclipseLogger - Using 'UTF-8' encoding to copy filtered resources.
2024-03-09 12:26:54,254 [Worker-8: Building] INFO  o.e.m.c.i.embedder.EclipseLogger - skip non existing resourceDirectory C:\Users\Hp\Desktop\Feb24\POM_learning\src\main\resources
2024-03-09 12:26:54,263 [Worker-8: Building] INFO  o.e.m.c.i.embedder.EclipseLogger - Using 'UTF-8' encoding to copy filtered resources.
2024-03-09 12:26:54,263 [Worker-8: Building] INFO  o.e.m.c.i.embedder.EclipseLogger - skip non existing resourceDirectory C:\Users\Hp\Desktop\Feb24\POM_learning\src\test\resources
2024-03-09 12:27:00,255 [Worker-2: Building] INFO  o.e.m.c.i.embedder.EclipseLogger - Using 'UTF-8' encoding to copy filtered resources.
2024-03-09 12:27:00,256 [Worker-2: Building] INFO  o.e.m.c.i.embedder.EclipseLogger - skip non existing resourceDirectory C:\Users\Hp\Desktop\Feb24\POM_learning\src\main\resources
2024-03-09 12:27:00,267 [Worker-2: Building] INFO  o.e.m.c.i.embedder.EclipseLogger - Using 'UTF-8' encoding to copy filtered resources.
2024-03-09 12:27:00,267 [Worker-2: Building] INFO  o.e.m.c.i.embedder.EclipseLogger - skip non existing resourceDirectory C:\Users\Hp\Desktop\Feb24\POM_learning\src\test\resources
2024-03-09 12:27:12,752 [Worker-11: Building] INFO  o.e.m.c.i.embedder.EclipseLogger - Using 'UTF-8' encoding to copy filtered resources.
2024-03-09 12:27:12,753 [Worker-11: Building] INFO  o.e.m.c.i.embedder.EclipseLogger - skip non existing resourceDirectory C:\Users\Hp\Desktop\Feb24\POM_learning\src\main\resources
2024-03-09 12:27:12,757 [Worker-11: Building] INFO  o.e.m.c.i.embedder.EclipseLogger - Using 'UTF-8' encoding to copy filtered resources.
2024-03-09 12:27:12,758 [Worker-11: Building] INFO  o.e.m.c.i.embedder.EclipseLogger - skip non existing resourceDirectory C:\Users\Hp\Desktop\Feb24\POM_learning\src\test\resources
2024-03-09 12:27:15,361 [Worker-12: Building] INFO  o.e.m.c.i.embedder.EclipseLogger - Using 'UTF-8' encoding to copy filtered resources.
2024-03-09 12:27:15,361 [Worker-12: Building] INFO  o.e.m.c.i.embedder.EclipseLogger - skip non existing resourceDirectory C:\Users\Hp\Desktop\Feb24\POM_learning\src\main\resources
2024-03-09 12:27:15,369 [Worker-12: Building] INFO  o.e.m.c.i.embedder.EclipseLogger - Using 'UTF-8' encoding to copy filtered resources.
2024-03-09 12:27:15,369 [Worker-12: Building] INFO  o.e.m.c.i.embedder.EclipseLogger - skip non existing resourceDirectory C:\Users\Hp\Desktop\Feb24\POM_learning\src\test\resources
2024-03-09 12:28:19,386 [Worker-3: Building] INFO  o.e.m.c.i.embedder.EclipseLogger - Using 'UTF-8' encoding to copy filtered resources.
2024-03-09 12:28:19,387 [Worker-3: Building] INFO  o.e.m.c.i.embedder.EclipseLogger - skip non existing resourceDirectory C:\Users\Hp\Desktop\Feb24\POM_learning\src\main\resources
2024-03-09 12:28:19,390 [Worker-3: Building] INFO  o.e.m.c.i.embedder.EclipseLogger - Using 'UTF-8' encoding to copy filtered resources.
2024-03-09 12:28:19,391 [Worker-3: Building] INFO  o.e.m.c.i.embedder.EclipseLogger - skip non existing resourceDirectory C:\Users\Hp\Desktop\Feb24\POM_learning\src\test\resources
2024-03-09 12:30:02,327 [Worker-3: Building] INFO  o.e.m.c.i.embedder.EclipseLogger - Using 'UTF-8' encoding to copy filtered resources.
2024-03-09 12:30:02,328 [Worker-3: Building] INFO  o.e.m.c.i.embedder.EclipseLogger - skip non existing resourceDirectory C:\Users\Hp\Desktop\Feb24\POM_learning\src\main\resources
2024-03-09 12:30:02,332 [Worker-3: Building] INFO  o.e.m.c.i.embedder.EclipseLogger - Using 'UTF-8' encoding to copy filtered resources.
2024-03-09 12:30:02,333 [Worker-3: Building] INFO  o.e.m.c.i.embedder.EclipseLogger - skip non existing resourceDirectory C:\Users\Hp\Desktop\Feb24\POM_learning\src\test\resources
